[debug] [2023-06-12T20:53:37.380Z] ----------------------------------------------------------------------
[debug] [2023-06-12T20:53:37.381Z] Command:       C:\Program Files\nodejs\node.exe C:\Users\yairr\AppData\Roaming\npm\node_modules\firebase-tools\lib\bin\firebase.js deploy
[debug] [2023-06-12T20:53:37.382Z] CLI Version:   12.3.1
[debug] [2023-06-12T20:53:37.382Z] Platform:      win32
[debug] [2023-06-12T20:53:37.382Z] Node Version:  v18.15.0
[debug] [2023-06-12T20:53:37.383Z] Time:          Mon Jun 12 2023 23:53:37 GMT+0300 (שעון ישראל (קיץ))
[debug] [2023-06-12T20:53:37.383Z] ----------------------------------------------------------------------
[debug] 
[debug] [2023-06-12T20:53:37.448Z] > command requires scopes: ["email","openid","https://www.googleapis.com/auth/cloudplatformprojects.readonly","https://www.googleapis.com/auth/firebase","https://www.googleapis.com/auth/cloud-platform"]
[debug] [2023-06-12T20:53:37.449Z] > authorizing via signed-in user (yairrahmany@gmail.com)
[debug] [2023-06-12T20:53:37.449Z] [iam] checking project tismotek-jce-23 for permissions ["firebase.projects.get","firebasehosting.sites.update"]
[debug] [2023-06-12T20:53:37.450Z] > refreshing access token with scopes: []
[debug] [2023-06-12T20:53:37.452Z] >>> [apiv2][query] POST https://www.googleapis.com/oauth2/v3/token [none]
[debug] [2023-06-12T20:53:37.452Z] >>> [apiv2][body] POST https://www.googleapis.com/oauth2/v3/token [omitted]
[debug] [2023-06-12T20:53:37.806Z] <<< [apiv2][status] POST https://www.googleapis.com/oauth2/v3/token 400
[debug] [2023-06-12T20:53:37.806Z] <<< [apiv2][body] POST https://www.googleapis.com/oauth2/v3/token [omitted]
[debug] [2023-06-12T20:53:37.806Z] >>> [apiv2][query] POST https://cloudresourcemanager.googleapis.com/v1/projects/tismotek-jce-23:testIamPermissions [none]
[debug] [2023-06-12T20:53:37.806Z] >>> [apiv2][(partial)header] POST https://cloudresourcemanager.googleapis.com/v1/projects/tismotek-jce-23:testIamPermissions x-goog-quota-user=projects/tismotek-jce-23
[debug] [2023-06-12T20:53:37.806Z] >>> [apiv2][body] POST https://cloudresourcemanager.googleapis.com/v1/projects/tismotek-jce-23:testIamPermissions {"permissions":["firebase.projects.get","firebasehosting.sites.update"]}
[debug] [2023-06-12T20:53:38.648Z] <<< [apiv2][status] POST https://cloudresourcemanager.googleapis.com/v1/projects/tismotek-jce-23:testIamPermissions 401
[debug] [2023-06-12T20:53:38.649Z] <<< [apiv2][body] POST https://cloudresourcemanager.googleapis.com/v1/projects/tismotek-jce-23:testIamPermissions {"error":{"code":401,"message":"Request had invalid authentication credentials. Expected OAuth 2 access token, login cookie or other valid authentication credential. See https://developers.google.com/identity/sign-in/web/devconsole-project.","status":"UNAUTHENTICATED","details":[{"@type":"type.googleapis.com/google.rpc.ErrorInfo","reason":"ACCESS_TOKEN_TYPE_UNSUPPORTED","metadata":{"service":"cloudresourcemanager.googleapis.com","method":"google.cloudresourcemanager.v1.Projects.TestIamPermissions"}}]}}
[debug] [2023-06-12T20:53:38.651Z] [iam] error while checking permissions, command may fail: FirebaseError: HTTP Error: 401, Request had invalid authentication credentials. Expected OAuth 2 access token, login cookie or other valid authentication credential. See https://developers.google.com/identity/sign-in/web/devconsole-project.
[debug] [2023-06-12T20:53:38.652Z] > refreshing access token with scopes: []
[debug] [2023-06-12T20:53:38.652Z] >>> [apiv2][query] POST https://www.googleapis.com/oauth2/v3/token [none]
[debug] [2023-06-12T20:53:38.652Z] >>> [apiv2][body] POST https://www.googleapis.com/oauth2/v3/token [omitted]
[debug] [2023-06-12T20:53:38.943Z] <<< [apiv2][status] POST https://www.googleapis.com/oauth2/v3/token 400
[debug] [2023-06-12T20:53:38.943Z] <<< [apiv2][body] POST https://www.googleapis.com/oauth2/v3/token [omitted]
[debug] [2023-06-12T20:53:38.945Z] >>> [apiv2][query] GET https://firebase.googleapis.com/v1beta1/projects/tismotek-jce-23 [none]
[debug] [2023-06-12T20:53:39.307Z] <<< [apiv2][status] GET https://firebase.googleapis.com/v1beta1/projects/tismotek-jce-23 401
[debug] [2023-06-12T20:53:39.307Z] <<< [apiv2][body] GET https://firebase.googleapis.com/v1beta1/projects/tismotek-jce-23 {"error":{"code":401,"message":"Request had invalid authentication credentials. Expected OAuth 2 access token, login cookie or other valid authentication credential. See https://developers.google.com/identity/sign-in/web/devconsole-project.","status":"UNAUTHENTICATED"}}
[debug] [2023-06-12T20:53:39.307Z] HTTP Error: 401, Request had invalid authentication credentials. Expected OAuth 2 access token, login cookie or other valid authentication credential. See https://developers.google.com/identity/sign-in/web/devconsole-project.
[debug] [2023-06-12T20:53:39.581Z] FirebaseError: HTTP Error: 401, Request had invalid authentication credentials. Expected OAuth 2 access token, login cookie or other valid authentication credential. See https://developers.google.com/identity/sign-in/web/devconsole-project.
    at responseToError (C:\Users\yairr\AppData\Roaming\npm\node_modules\firebase-tools\lib\responseToError.js:49:12)
    at RetryOperation._fn (C:\Users\yairr\AppData\Roaming\npm\node_modules\firebase-tools\lib\apiv2.js:288:77)
    at process.processTicksAndRejections (node:internal/process/task_queues:95:5)
[error] 
[error] Error: Failed to get Firebase project tismotek-jce-23. Please make sure the project exists and your account has permission to access it.
[debug] [2023-06-12T20:54:43.170Z] ----------------------------------------------------------------------
[debug] [2023-06-12T20:54:43.172Z] Command:       C:\Program Files\nodejs\node.exe C:\Users\yairr\AppData\Roaming\npm\node_modules\firebase-tools\lib\bin\firebase.js deploy
[debug] [2023-06-12T20:54:43.172Z] CLI Version:   12.3.1
[debug] [2023-06-12T20:54:43.173Z] Platform:      win32
[debug] [2023-06-12T20:54:43.173Z] Node Version:  v18.15.0
[debug] [2023-06-12T20:54:43.173Z] Time:          Mon Jun 12 2023 23:54:43 GMT+0300 (שעון ישראל (קיץ))
[debug] [2023-06-12T20:54:43.173Z] ----------------------------------------------------------------------
[debug] 
[debug] [2023-06-12T20:54:43.236Z] > command requires scopes: ["email","openid","https://www.googleapis.com/auth/cloudplatformprojects.readonly","https://www.googleapis.com/auth/firebase","https://www.googleapis.com/auth/cloud-platform"]
[debug] [2023-06-12T20:54:43.237Z] > authorizing via signed-in user (yairrahmany@gmail.com)
[debug] [2023-06-12T20:54:43.237Z] [iam] checking project tismotek-jce-23 for permissions ["firebase.projects.get","firebasehosting.sites.update"]
[debug] [2023-06-12T20:54:43.238Z] > refreshing access token with scopes: []
[debug] [2023-06-12T20:54:43.240Z] >>> [apiv2][query] POST https://www.googleapis.com/oauth2/v3/token [none]
[debug] [2023-06-12T20:54:43.240Z] >>> [apiv2][body] POST https://www.googleapis.com/oauth2/v3/token [omitted]
[debug] [2023-06-12T20:54:43.581Z] <<< [apiv2][status] POST https://www.googleapis.com/oauth2/v3/token 400
[debug] [2023-06-12T20:54:43.581Z] <<< [apiv2][body] POST https://www.googleapis.com/oauth2/v3/token [omitted]
[debug] [2023-06-12T20:54:43.581Z] >>> [apiv2][query] POST https://cloudresourcemanager.googleapis.com/v1/projects/tismotek-jce-23:testIamPermissions [none]
[debug] [2023-06-12T20:54:43.581Z] >>> [apiv2][(partial)header] POST https://cloudresourcemanager.googleapis.com/v1/projects/tismotek-jce-23:testIamPermissions x-goog-quota-user=projects/tismotek-jce-23
[debug] [2023-06-12T20:54:43.581Z] >>> [apiv2][body] POST https://cloudresourcemanager.googleapis.com/v1/projects/tismotek-jce-23:testIamPermissions {"permissions":["firebase.projects.get","firebasehosting.sites.update"]}
[debug] [2023-06-12T20:54:44.450Z] <<< [apiv2][status] POST https://cloudresourcemanager.googleapis.com/v1/projects/tismotek-jce-23:testIamPermissions 401
[debug] [2023-06-12T20:54:44.450Z] <<< [apiv2][body] POST https://cloudresourcemanager.googleapis.com/v1/projects/tismotek-jce-23:testIamPermissions {"error":{"code":401,"message":"Request had invalid authentication credentials. Expected OAuth 2 access token, login cookie or other valid authentication credential. See https://developers.google.com/identity/sign-in/web/devconsole-project.","status":"UNAUTHENTICATED","details":[{"@type":"type.googleapis.com/google.rpc.ErrorInfo","reason":"ACCESS_TOKEN_TYPE_UNSUPPORTED","metadata":{"method":"google.cloudresourcemanager.v1.Projects.TestIamPermissions","service":"cloudresourcemanager.googleapis.com"}}]}}
[debug] [2023-06-12T20:54:44.453Z] [iam] error while checking permissions, command may fail: FirebaseError: HTTP Error: 401, Request had invalid authentication credentials. Expected OAuth 2 access token, login cookie or other valid authentication credential. See https://developers.google.com/identity/sign-in/web/devconsole-project.
[debug] [2023-06-12T20:54:44.453Z] > refreshing access token with scopes: []
[debug] [2023-06-12T20:54:44.454Z] >>> [apiv2][query] POST https://www.googleapis.com/oauth2/v3/token [none]
[debug] [2023-06-12T20:54:44.454Z] >>> [apiv2][body] POST https://www.googleapis.com/oauth2/v3/token [omitted]
[debug] [2023-06-12T20:54:44.732Z] <<< [apiv2][status] POST https://www.googleapis.com/oauth2/v3/token 400
[debug] [2023-06-12T20:54:44.732Z] <<< [apiv2][body] POST https://www.googleapis.com/oauth2/v3/token [omitted]
[debug] [2023-06-12T20:54:44.734Z] >>> [apiv2][query] GET https://firebase.googleapis.com/v1beta1/projects/tismotek-jce-23 [none]
[debug] [2023-06-12T20:54:45.025Z] <<< [apiv2][status] GET https://firebase.googleapis.com/v1beta1/projects/tismotek-jce-23 401
[debug] [2023-06-12T20:54:45.026Z] <<< [apiv2][body] GET https://firebase.googleapis.com/v1beta1/projects/tismotek-jce-23 {"error":{"code":401,"message":"Request had invalid authentication credentials. Expected OAuth 2 access token, login cookie or other valid authentication credential. See https://developers.google.com/identity/sign-in/web/devconsole-project.","status":"UNAUTHENTICATED"}}
[debug] [2023-06-12T20:54:45.026Z] HTTP Error: 401, Request had invalid authentication credentials. Expected OAuth 2 access token, login cookie or other valid authentication credential. See https://developers.google.com/identity/sign-in/web/devconsole-project.
[debug] [2023-06-12T20:54:45.295Z] FirebaseError: HTTP Error: 401, Request had invalid authentication credentials. Expected OAuth 2 access token, login cookie or other valid authentication credential. See https://developers.google.com/identity/sign-in/web/devconsole-project.
    at responseToError (C:\Users\yairr\AppData\Roaming\npm\node_modules\firebase-tools\lib\responseToError.js:49:12)
    at RetryOperation._fn (C:\Users\yairr\AppData\Roaming\npm\node_modules\firebase-tools\lib\apiv2.js:288:77)
    at process.processTicksAndRejections (node:internal/process/task_queues:95:5)
[error] 
[error] Error: Failed to get Firebase project tismotek-jce-23. Please make sure the project exists and your account has permission to access it.
